mktextfm yas
mktextfm yas
mktextfm yas
mktextfm yas/BI
mktextfm yas
mktextfm yas/B
mktextfm yas
mktextfm yas/I
mktextfm yas
mktextfm yas
mktextfm yas
mktextfm yas
mktextfm yas
mktextfm yas
mktextfm yas
mktextfm yas
mktextfm yas
mktextfm yas
mktextfm yas
mktextfm yas/BI
mktextfm yas
mktextfm yas/B
mktextfm yas
mktextfm yas/I
mktextfm yas
mktextfm yas
mktextfm yas
mktextfm yas
mktextfm yas
mktextfm yas
mktextfm yas
mktextfm yas
mktextfm Yas
mktextfm Yas
mktextfm Yas
mktextfm Yas/BI
mktextfm Yas
mktextfm Yas/B
mktextfm Yas
mktextfm Yas/I
mktextfm Yas
mktextfm Yas
mktextfm Yas
mktextfm Yas
mktextfm Yas
mktextfm Yas
mktextfm Yas
mktextfm Yas
mktextfm Yas
mktextfm Yas
mktextfm Yas
mktextfm Yas/BI
mktextfm Yas
mktextfm Yas/B
mktextfm Yas
mktextfm Yas/I
mktextfm Yas
mktextfm Yas
mktextfm Yas
mktextfm Yas
mktextfm Yas
mktextfm Yas
mktextfm Yas
mktextfm Yas
mktextfm Yas
mktextfm Yas
mktextfm Yas
mktextfm Yas/BI
mktextfm Yas
mktextfm Yas/B
mktextfm Yas
mktextfm Yas/I
mktextfm Yas
mktextfm Yas
mktextfm Yas
mktextfm Yas
mktextfm Yas
mktextfm Yas
mktextfm Yas
mktextfm Yas
mktextfm Yas
mktextfm Yas
mktextfm Yas
mktextfm Yas/BI
mktextfm Yas
mktextfm Yas/B
mktextfm Yas
mktextfm Yas/I
mktextfm Yas
mktextfm Yas
mktextfm Yas
mktextfm Yas
mktextfm Yas
mktextfm Yas
mktextfm Yas
mktextfm Yas
